<?xml version="1.0" encoding="UTF-8"?>
<testng-results ignored="0" total="1" passed="1" failed="0" skipped="0">
  <reporter-output>
  </reporter-output>
  <suite started-at="2023-05-31T22:32:25 AST" name="Default suite" finished-at="2023-05-31T22:33:37 AST" duration-ms="71986">
    <groups>
    </groups>
    <test started-at="2023-05-31T22:32:25 AST" name="Default test" finished-at="2023-05-31T22:33:37 AST" duration-ms="71986">
      <class name="test_selenium.first">
        <test-method signature="EdgeTest()[pri:0, instance:test_selenium.first@2cdd0d4b]" started-at="2023-05-31T22:32:25 AST" name="EdgeTest" finished-at="2023-05-31T22:33:37 AST" duration-ms="71918" status="PASS">
          <reporter-output>
          </reporter-output>
        </test-method> <!-- EdgeTest -->
      </class> <!-- test_selenium.first -->
    </test> <!-- Default test -->
  </suite> <!-- Default suite -->
</testng-results>
